Start testing: Jun 20 12:16 CST
----------------------------------------------------------
1/1 Testing: libcxx_test
1/1 Test: libcxx_test
Command: "/Users/pw/workspace/toolchain/tests/verify-cmake/build/libcxx_test"
Directory: /Users/pw/workspace/toolchain/tests/verify-cmake/build
"libcxx_test" start time: Jun 20 12:16 CST
Output:
----------------------------------------------------------
=== Testing libc++ and libc++abi ===
Test object created: LibcxxTest
Testing containers with libc++...
Vector size: 5
Found value 30 at position: 2
Vector after doubling: 20 40 60 80 100 

Testing smart pointers with libc++...
unique_ptr value: Hello from libc++
shared_ptr value: 42, use_count: 2

Testing exception handling with libc++abi...
Caught exception: Test exception from libc++abi
Caught out_of_range exception: vector

All tests completed successfully!
<end of output>
Test time =   0.27 sec
----------------------------------------------------------
Test Passed.
"libcxx_test" end time: Jun 20 12:16 CST
"libcxx_test" time elapsed: 00:00:00
----------------------------------------------------------

End testing: Jun 20 12:16 CST
